Using pre-set license
Built from '2022.3/release' branch; Version is '2022.3.18f1 (d29bea25151d) revision 13802474'; Using compiler version '192829333'; Build Type 'Release'
OS: 'Windows 11  (10.0.22631) 64bit Professional' Language: 'en' Physical Memory: 32584 MB
BatchMode: 1, IsHumanControllingUs: 0, StartBugReporterOnCrash: 0, Is64bit: 1, IsPro: 1

COMMAND LINE ARGUMENTS:
C:\Program Files\Unity\Hub\Editor\2022.3.18f1\Editor\Unity.exe
-adb2
-batchMode
-noUpm
-name
AssetImportWorker2
-projectPath
C:/Users/abuha/OneDrive/Desktop/Prince_of_Alaska
-logFile
Logs/AssetImportWorker2.log
-srvPort
53783
Successfully changed project path to: C:/Users/abuha/OneDrive/Desktop/Prince_of_Alaska
C:/Users/abuha/OneDrive/Desktop/Prince_of_Alaska
[UnityMemory] Configuration Parameters - Can be set up in boot.config
    "memorysetup-bucket-allocator-granularity=16"
    "memorysetup-bucket-allocator-bucket-count=8"
    "memorysetup-bucket-allocator-block-size=33554432"
    "memorysetup-bucket-allocator-block-count=8"
    "memorysetup-main-allocator-block-size=16777216"
    "memorysetup-thread-allocator-block-size=16777216"
    "memorysetup-gfx-main-allocator-block-size=16777216"
    "memorysetup-gfx-thread-allocator-block-size=16777216"
    "memorysetup-cache-allocator-block-size=4194304"
    "memorysetup-typetree-allocator-block-size=2097152"
    "memorysetup-profiler-bucket-allocator-granularity=16"
    "memorysetup-profiler-bucket-allocator-bucket-count=8"
    "memorysetup-profiler-bucket-allocator-block-size=33554432"
    "memorysetup-profiler-bucket-allocator-block-count=8"
    "memorysetup-profiler-allocator-block-size=16777216"
    "memorysetup-profiler-editor-allocator-block-size=1048576"
    "memorysetup-temp-allocator-size-main=16777216"
    "memorysetup-job-temp-allocator-block-size=2097152"
    "memorysetup-job-temp-allocator-block-size-background=1048576"
    "memorysetup-job-temp-allocator-reduction-small-platforms=262144"
    "memorysetup-allocator-temp-initial-block-size-main=262144"
    "memorysetup-allocator-temp-initial-block-size-worker=262144"
    "memorysetup-temp-allocator-size-background-worker=32768"
    "memorysetup-temp-allocator-size-job-worker=262144"
    "memorysetup-temp-allocator-size-preload-manager=33554432"
    "memorysetup-temp-allocator-size-nav-mesh-worker=65536"
    "memorysetup-temp-allocator-size-audio-worker=65536"
    "memorysetup-temp-allocator-size-cloud-worker=32768"
    "memorysetup-temp-allocator-size-gi-baking-worker=262144"
    "memorysetup-temp-allocator-size-gfx=262144"
Player connection [31868] Host "[IP] 192.168.0.250 [Port] 0 [Flags] 2 [Guid] 2996262807 [EditorId] 2996262807 [Version] 1048832 [Id] WindowsEditor(7,MSI) [Debug] 1 [PackageName] WindowsEditor [ProjectName] Editor" joined multi-casting on [225.0.0.222:54997]...

Player connection [31868] Host "[IP] 192.168.0.250 [Port] 0 [Flags] 2 [Guid] 2996262807 [EditorId] 2996262807 [Version] 1048832 [Id] WindowsEditor(7,MSI) [Debug] 1 [PackageName] WindowsEditor [ProjectName] Editor" joined alternative multi-casting on [225.0.0.222:34997]...

[Physics::Module] Initialized MultithreadedJobDispatcher with 15 workers.
Refreshing native plugins compatible for Editor in 0.00 ms, found 0 plugins.
Preloading 0 native plugins for Editor in 0.00 ms.
Initialize engine version: 2022.3.18f1 (d29bea25151d)
[Subsystems] Discovering subsystems at path C:/Program Files/Unity/Hub/Editor/2022.3.18f1/Editor/Data/Resources/UnitySubsystems
[Subsystems] Discovering subsystems at path C:/Users/abuha/OneDrive/Desktop/Prince_of_Alaska/Assets
GfxDevice: creating device client; threaded=0; jobified=0
Direct3D:
    Version:  Direct3D 11.0 [level 11.1]
    Renderer: NVIDIA GeForce RTX 2070 Super with Max-Q Design (ID=0x1e91)
    Vendor:   NVIDIA
    VRAM:     7989 MB
    Driver:   31.0.15.5161
Initialize mono
Mono path[0] = 'C:/Program Files/Unity/Hub/Editor/2022.3.18f1/Editor/Data/Managed'
Mono path[1] = 'C:/Program Files/Unity/Hub/Editor/2022.3.18f1/Editor/Data/MonoBleedingEdge/lib/mono/unityjit-win32'
Mono config path = 'C:/Program Files/Unity/Hub/Editor/2022.3.18f1/Editor/Data/MonoBleedingEdge/etc'
Using monoOptions --debugger-agent=transport=dt_socket,embedding=1,server=y,suspend=n,address=127.0.0.1:56640
Begin MonoManager ReloadAssembly
Registering precompiled unity dll's ...
Register platform support module: C:/Program Files/Unity/Hub/Editor/2022.3.18f1/Editor/Data/PlaybackEngines/WebGLSupport/UnityEditor.WebGL.Extensions.dll
Register platform support module: C:/Program Files/Unity/Hub/Editor/2022.3.18f1/Editor/Data/PlaybackEngines/WindowsStandaloneSupport/UnityEditor.WindowsStandalone.Extensions.dll
Registered in 0.006053 seconds.
- Loaded All Assemblies, in  0.315 seconds
Native extension for WindowsStandalone target not found
Native extension for WebGL target not found
Mono: successfully reloaded assembly
- Finished resetting the current domain, in  0.241 seconds
Domain Reload Profiling: 555ms
	BeginReloadAssembly (91ms)
		ExecutionOrderSort (0ms)
		DisableScriptedObjects (0ms)
		BackupInstance (0ms)
		ReleaseScriptingObjects (0ms)
		CreateAndSetChildDomain (1ms)
	RebuildCommonClasses (32ms)
	RebuildNativeTypeToScriptingClass (10ms)
	initialDomainReloadingComplete (48ms)
	LoadAllAssembliesAndSetupDomain (131ms)
		LoadAssemblies (90ms)
		RebuildTransferFunctionScriptingTraits (0ms)
		AnalyzeDomain (130ms)
			TypeCache.Refresh (129ms)
				TypeCache.ScanAssembly (117ms)
			ScanForSourceGeneratedMonoScriptInfo (0ms)
			ResolveRequiredComponents (0ms)
	FinalizeReload (242ms)
		ReleaseScriptCaches (0ms)
		RebuildScriptCaches (0ms)
		SetupLoadedEditorAssemblies (188ms)
			LogAssemblyErrors (0ms)
			InitializePlatformSupportModulesInManaged (8ms)
			SetLoadedEditorAssemblies (5ms)
			RefreshPlugins (0ms)
			BeforeProcessingInitializeOnLoad (2ms)
			ProcessInitializeOnLoadAttributes (132ms)
			ProcessInitializeOnLoadMethodAttributes (41ms)
			AfterProcessingInitializeOnLoad (0ms)
			EditorAssembliesLoaded (0ms)
		ExecutionOrderSort2 (0ms)
		AwakeInstancesAfterBackupRestoration (0ms)
========================================================================
Worker process is ready to serve import requests
Begin MonoManager ReloadAssembly
- Loaded All Assemblies, in  0.204 seconds
Refreshing native plugins compatible for Editor in 0.00 ms, found 0 plugins.
Native extension for WindowsStandalone target not found
Native extension for WebGL target not found
Mono: successfully reloaded assembly
- Finished resetting the current domain, in  0.329 seconds
Domain Reload Profiling: 532ms
	BeginReloadAssembly (128ms)
		ExecutionOrderSort (0ms)
		DisableScriptedObjects (5ms)
		BackupInstance (0ms)
		ReleaseScriptingObjects (0ms)
		CreateAndSetChildDomain (17ms)
	RebuildCommonClasses (30ms)
	RebuildNativeTypeToScriptingClass (11ms)
	initialDomainReloadingComplete (20ms)
	LoadAllAssembliesAndSetupDomain (14ms)
		LoadAssemblies (78ms)
		RebuildTransferFunctionScriptingTraits (0ms)
		AnalyzeDomain (11ms)
			TypeCache.Refresh (7ms)
				TypeCache.ScanAssembly (3ms)
			ScanForSourceGeneratedMonoScriptInfo (2ms)
			ResolveRequiredComponents (2ms)
	FinalizeReload (330ms)
		ReleaseScriptCaches (0ms)
		RebuildScriptCaches (0ms)
		SetupLoadedEditorAssemblies (207ms)
			LogAssemblyErrors (0ms)
			InitializePlatformSupportModulesInManaged (6ms)
			SetLoadedEditorAssemblies (5ms)
			RefreshPlugins (0ms)
			BeforeProcessingInitializeOnLoad (32ms)
			ProcessInitializeOnLoadAttributes (139ms)
			ProcessInitializeOnLoadMethodAttributes (19ms)
			AfterProcessingInitializeOnLoad (6ms)
			EditorAssembliesLoaded (0ms)
		ExecutionOrderSort2 (0ms)
		AwakeInstancesAfterBackupRestoration (8ms)
Launched and connected shader compiler UnityShaderCompiler.exe after 0.04 seconds
Refreshing native plugins compatible for Editor in 0.00 ms, found 0 plugins.
Preloading 0 native plugins for Editor in 0.00 ms.
Unloading 260 Unused Serialized files (Serialized files now loaded: 0)
Unloading 3 unused Assets / (49.1 KB). Loaded Objects now: 735.
Memory consumption went from 59.0 MB to 59.0 MB.
Total: 3.328200 ms (FindLiveObjects: 0.092400 ms CreateObjectMapping: 0.024700 ms MarkObjects: 3.142500 ms  DeleteObjects: 0.067200 ms)

AssetImportParameters requested are different than current active one (requested -> active):
  custom:video-encoder-webm-vp8: eb34c28f22e8b96e1ab97ce403110664 -> 
  custom:video-decoder-webm-vp8: 9c59270c3fd7afecdb556c50c9e8de78 -> 
  custom:audio-decoder-ogg-vorbis: bf7c407c2cedff20999df2af8eb42d56 -> 
  custom:video-decoder-ogg-theora: a1e56fd34408186e4bbccfd4996cb3dc -> 
  custom:audio-encoder-webm-vorbis: bf7c407c2cedff20999df2af8eb42d56 -> 
  custom:container-demuxer-webm: 4f35f7cbe854078d1ac9338744f61a02 -> 
  custom:SearchIndexIgnoredProperties: e643bd26f0fe6173181afceb89e7c659 -> 
  custom:container-muxer-webm: aa71ff27fc2769a1b78a27578f13a17b -> 
  custom:container-demuxer-ogg: 62fdf1f143b41e24485cea50d1cbac27 -> 
  custom:AudioImporter_EditorPlatform: d09bf68614088b80899f8185d706f6e7 -> 
  custom:CustomObjectIndexerAttribute: 6d391050e5a25f67b0a2c618074f2cd9 -> 
  custom:framework-win-MediaFoundation: 216162199b28c13a410421893ffa2e32 -> 
========================================================================
Received Import Request.
  Time since last request: 173341.799125 seconds.
  path: Assets/Prince_Alaska/TopDownDemo/Scripts
  artifactKey: Guid(2dde7584c9d92314995768c0340720fa) Importer(815301076,1909f56bfc062723c751e8b465ee728b)
Start importing Assets/Prince_Alaska/TopDownDemo/Scripts using Guid(2dde7584c9d92314995768c0340720fa) Importer(815301076,1909f56bfc062723c751e8b465ee728b)  -> (artifact id: 'd4cc3d6d598356060614a9fc3e8afb79') in 0.002804 seconds
Number of updated asset objects reloaded before import = 0
Number of asset objects unloaded after import = 0
========================================================================
Received Import Request.
  Time since last request: 6.708618 seconds.
  path: Assets/Prince_Alaska/TopDownDemo/Sprites
  artifactKey: Guid(5cf7d8e8d7e597f4caa7b0501453de46) Importer(815301076,1909f56bfc062723c751e8b465ee728b)
Start importing Assets/Prince_Alaska/TopDownDemo/Sprites using Guid(5cf7d8e8d7e597f4caa7b0501453de46) Importer(815301076,1909f56bfc062723c751e8b465ee728b)  -> (artifact id: '3a302f96a444753665cfa1b546519765') in 0.000340 seconds
Number of updated asset objects reloaded before import = 0
Number of asset objects unloaded after import = 0
========================================================================
Received Import Request.
  Time since last request: 0.072961 seconds.
  path: Assets/Prince_Alaska/TopDownDemo/Sprites/CharacterRight.png
  artifactKey: Guid(006af9e18b9c35b49a7e2bc955181b4a) Importer(815301076,1909f56bfc062723c751e8b465ee728b)
Start importing Assets/Prince_Alaska/TopDownDemo/Sprites/CharacterRight.png using Guid(006af9e18b9c35b49a7e2bc955181b4a) Importer(815301076,1909f56bfc062723c751e8b465ee728b)  -> (artifact id: 'a8cb0bfd19c2885ad14aa1b0df8724cd') in 0.138545 seconds
Number of updated asset objects reloaded before import = 0
Number of asset objects unloaded after import = 17
========================================================================
Received Import Request.
  Time since last request: 1.761025 seconds.
  path: Assets/Prince_Alaska/TopDownDemo/Textures
  artifactKey: Guid(7a744535d988de449bbf926f38d7653d) Importer(815301076,1909f56bfc062723c751e8b465ee728b)
Start importing Assets/Prince_Alaska/TopDownDemo/Textures using Guid(7a744535d988de449bbf926f38d7653d) Importer(815301076,1909f56bfc062723c751e8b465ee728b)  -> (artifact id: 'd468f2f89068fc0d622fbba62f8faaba') in 0.000373 seconds
Number of updated asset objects reloaded before import = 0
Number of asset objects unloaded after import = 0
========================================================================
Received Import Request.
  Time since last request: 0.099083 seconds.
  path: Assets/Prince_Alaska/TopDownDemo/Textures/CircleBlur.png
  artifactKey: Guid(2f4e1b743efe1b246b45ca50e955dc06) Importer(815301076,1909f56bfc062723c751e8b465ee728b)
Start importing Assets/Prince_Alaska/TopDownDemo/Textures/CircleBlur.png using Guid(2f4e1b743efe1b246b45ca50e955dc06) Importer(815301076,1909f56bfc062723c751e8b465ee728b)  -> (artifact id: '121f704738857f1b93b8665e2d3550da') in 0.016447 seconds
Number of updated asset objects reloaded before import = 0
Number of asset objects unloaded after import = 3
========================================================================
Received Import Request.
  Time since last request: 0.000015 seconds.
  path: Assets/Prince_Alaska/TopDownDemo/Textures/Shadow_wall.png
  artifactKey: Guid(89bcfd216f1ceae4cac19a6e44b2ac4d) Importer(815301076,1909f56bfc062723c751e8b465ee728b)
Start importing Assets/Prince_Alaska/TopDownDemo/Textures/Shadow_wall.png using Guid(89bcfd216f1ceae4cac19a6e44b2ac4d) Importer(815301076,1909f56bfc062723c751e8b465ee728b)  -> (artifact id: 'b5da52701256b8792762078a412e63df') in 0.020063 seconds
Number of updated asset objects reloaded before import = 0
Number of asset objects unloaded after import = 3
========================================================================
Received Import Request.
  Time since last request: 0.000018 seconds.
  path: Assets/Prince_Alaska/TopDownDemo/Textures/Lever_position05.png
  artifactKey: Guid(799f67c2035f9f441938e2be8676d387) Importer(815301076,1909f56bfc062723c751e8b465ee728b)
Start importing Assets/Prince_Alaska/TopDownDemo/Textures/Lever_position05.png using Guid(799f67c2035f9f441938e2be8676d387) Importer(815301076,1909f56bfc062723c751e8b465ee728b)  -> (artifact id: '6139ed21459238e57cb5cefee11f1e80') in 0.024131 seconds
Number of updated asset objects reloaded before import = 0
Number of asset objects unloaded after import = 3
========================================================================
Received Import Request.
  Time since last request: 0.000020 seconds.
  path: Assets/Prince_Alaska/TopDownDemo/Textures/grass2.png
  artifactKey: Guid(7f897bf33a423f743a3778635a69807a) Importer(815301076,1909f56bfc062723c751e8b465ee728b)
Start importing Assets/Prince_Alaska/TopDownDemo/Textures/grass2.png using Guid(7f897bf33a423f743a3778635a69807a) Importer(815301076,1909f56bfc062723c751e8b465ee728b)  -> (artifact id: 'bc2a1b4417317a20964fb2e0b41a0dcb') in 0.020101 seconds
Number of updated asset objects reloaded before import = 0
Number of asset objects unloaded after import = 3
========================================================================
Received Import Request.
  Time since last request: 0.000018 seconds.
  path: Assets/Prince_Alaska/TopDownDemo/Textures/floor_simple.png
  artifactKey: Guid(a9e273bdd04ac914290c1e2ab9c7e265) Importer(815301076,1909f56bfc062723c751e8b465ee728b)
Start importing Assets/Prince_Alaska/TopDownDemo/Textures/floor_simple.png using Guid(a9e273bdd04ac914290c1e2ab9c7e265) Importer(815301076,1909f56bfc062723c751e8b465ee728b)  -> (artifact id: '10ee0b5849b4f49fec84df34c0452486') in 0.020285 seconds
Number of updated asset objects reloaded before import = 0
Number of asset objects unloaded after import = 3
========================================================================
Received Import Request.
  Time since last request: 22.295492 seconds.
  path: Assets/Prince_Alaska/TopDownDemo/Editor/FixZ.cs
  artifactKey: Guid(2b8ea9999b4c71042bcdc8d737ba8930) Importer(815301076,1909f56bfc062723c751e8b465ee728b)
Start importing Assets/Prince_Alaska/TopDownDemo/Editor/FixZ.cs using Guid(2b8ea9999b4c71042bcdc8d737ba8930) Importer(815301076,1909f56bfc062723c751e8b465ee728b)  -> (artifact id: '0a1c9830841b848fb1dff1a67cf8225f') in 0.000455 seconds
Number of updated asset objects reloaded before import = 0
Number of asset objects unloaded after import = 0
========================================================================
Received Import Request.
  Time since last request: 2.668188 seconds.
  path: Assets/Prince_Alaska/TopDownDemo/Editor/ImportPackage.cs
  artifactKey: Guid(03ac0993cdae0f6428f5b78ed71bc571) Importer(815301076,1909f56bfc062723c751e8b465ee728b)
Start importing Assets/Prince_Alaska/TopDownDemo/Editor/ImportPackage.cs using Guid(03ac0993cdae0f6428f5b78ed71bc571) Importer(815301076,1909f56bfc062723c751e8b465ee728b)  -> (artifact id: '7fb6c898d90ad39bad19c3fe05047560') in 0.000488 seconds
Number of updated asset objects reloaded before import = 0
Number of asset objects unloaded after import = 0
========================================================================
Received Import Request.
  Time since last request: 1.755594 seconds.
  path: Assets/Prince_Alaska/TopDownDemo/Editor/ReplacePrefab.cs
  artifactKey: Guid(5a8efd87f0d6f5b4eb0203b613f78207) Importer(815301076,1909f56bfc062723c751e8b465ee728b)
Start importing Assets/Prince_Alaska/TopDownDemo/Editor/ReplacePrefab.cs using Guid(5a8efd87f0d6f5b4eb0203b613f78207) Importer(815301076,1909f56bfc062723c751e8b465ee728b)  -> (artifact id: '941df3fe56c0d229d55d1165192d0eb7') in 0.000528 seconds
Number of updated asset objects reloaded before import = 0
Number of asset objects unloaded after import = 0
========================================================================
Received Import Request.
  Time since last request: 8.139212 seconds.
  path: Assets/Prince_Alaska/TopDownDemo/Materials/Sprite3D-diffuse.shader
  artifactKey: Guid(2b4c09693691e204a84dcc8446966a42) Importer(815301076,1909f56bfc062723c751e8b465ee728b)
Start importing Assets/Prince_Alaska/TopDownDemo/Materials/Sprite3D-diffuse.shader using Guid(2b4c09693691e204a84dcc8446966a42) Importer(815301076,1909f56bfc062723c751e8b465ee728b)  -> (artifact id: 'f7bb8ec046d001086141155dfdff1bb7') in 0.000531 seconds
Number of updated asset objects reloaded before import = 0
Number of asset objects unloaded after import = 0
========================================================================
Received Import Request.
  Time since last request: 12.764466 seconds.
  path: Assets/Prince_Alaska/Test
  artifactKey: Guid(8fb63b7dbd31a334086f04f6e96e2961) Importer(815301076,1909f56bfc062723c751e8b465ee728b)
Start importing Assets/Prince_Alaska/Test using Guid(8fb63b7dbd31a334086f04f6e96e2961) Importer(815301076,1909f56bfc062723c751e8b465ee728b)  -> (artifact id: '4c1edb679cbbf18491781183b34595eb') in 0.000426 seconds
Number of updated asset objects reloaded before import = 0
Number of asset objects unloaded after import = 0
========================================================================
Received Prepare
Begin MonoManager ReloadAssembly
- Loaded All Assemblies, in  0.268 seconds
Refreshing native plugins compatible for Editor in 0.00 ms, found 0 plugins.
Native extension for WindowsStandalone target not found
Native extension for WebGL target not found
Mono: successfully reloaded assembly
- Finished resetting the current domain, in  0.388 seconds
Domain Reload Profiling: 654ms
	BeginReloadAssembly (175ms)
		ExecutionOrderSort (0ms)
		DisableScriptedObjects (6ms)
		BackupInstance (0ms)
		ReleaseScriptingObjects (0ms)
		CreateAndSetChildDomain (27ms)
	RebuildCommonClasses (39ms)
	RebuildNativeTypeToScriptingClass (15ms)
	initialDomainReloadingComplete (25ms)
	LoadAllAssembliesAndSetupDomain (12ms)
		LoadAssemblies (110ms)
		RebuildTransferFunctionScriptingTraits (0ms)
		AnalyzeDomain (9ms)
			TypeCache.Refresh (5ms)
				TypeCache.ScanAssembly (1ms)
			ScanForSourceGeneratedMonoScriptInfo (1ms)
			ResolveRequiredComponents (2ms)
	FinalizeReload (388ms)
		ReleaseScriptCaches (0ms)
		RebuildScriptCaches (0ms)
		SetupLoadedEditorAssemblies (241ms)
			LogAssemblyErrors (0ms)
			InitializePlatformSupportModulesInManaged (7ms)
			SetLoadedEditorAssemblies (6ms)
			RefreshPlugins (0ms)
			BeforeProcessingInitializeOnLoad (36ms)
			ProcessInitializeOnLoadAttributes (164ms)
			ProcessInitializeOnLoadMethodAttributes (21ms)
			AfterProcessingInitializeOnLoad (7ms)
			EditorAssembliesLoaded (0ms)
		ExecutionOrderSort2 (0ms)
		AwakeInstancesAfterBackupRestoration (10ms)
Refreshing native plugins compatible for Editor in 0.00 ms, found 0 plugins.
Preloading 0 native plugins for Editor in 0.00 ms.
Unloading 252 Unused Serialized files (Serialized files now loaded: 0)
Unloading 1 unused Assets / (22.8 KB). Loaded Objects now: 752.
Memory consumption went from 63.8 MB to 63.8 MB.
Total: 3.850400 ms (FindLiveObjects: 0.059300 ms CreateObjectMapping: 0.017400 ms MarkObjects: 3.751900 ms  DeleteObjects: 0.020900 ms)

Prepare: number of updated asset objects reloaded= 0
AssetImportParameters requested are different than current active one (requested -> active):
  custom:video-encoder-webm-vp8: eb34c28f22e8b96e1ab97ce403110664 -> 
  custom:video-decoder-webm-vp8: 9c59270c3fd7afecdb556c50c9e8de78 -> 
  custom:audio-decoder-ogg-vorbis: bf7c407c2cedff20999df2af8eb42d56 -> 
  custom:video-decoder-ogg-theora: a1e56fd34408186e4bbccfd4996cb3dc -> 
  custom:audio-encoder-webm-vorbis: bf7c407c2cedff20999df2af8eb42d56 -> 
  custom:container-demuxer-webm: 4f35f7cbe854078d1ac9338744f61a02 -> 
  custom:SearchIndexIgnoredProperties: e643bd26f0fe6173181afceb89e7c659 -> 
  custom:container-muxer-webm: aa71ff27fc2769a1b78a27578f13a17b -> 
  custom:container-demuxer-ogg: 62fdf1f143b41e24485cea50d1cbac27 -> 
  custom:AudioImporter_EditorPlatform: d09bf68614088b80899f8185d706f6e7 -> 
  custom:CustomObjectIndexerAttribute: 6d391050e5a25f67b0a2c618074f2cd9 -> 
  custom:framework-win-MediaFoundation: 216162199b28c13a410421893ffa2e32 -> 
========================================================================
Received Prepare
Begin MonoManager ReloadAssembly
- Loaded All Assemblies, in  0.225 seconds
Refreshing native plugins compatible for Editor in 0.00 ms, found 0 plugins.
Native extension for WindowsStandalone target not found
Native extension for WebGL target not found
Mono: successfully reloaded assembly
- Finished resetting the current domain, in  0.403 seconds
Domain Reload Profiling: 627ms
	BeginReloadAssembly (140ms)
		ExecutionOrderSort (0ms)
		DisableScriptedObjects (6ms)
		BackupInstance (0ms)
		ReleaseScriptingObjects (0ms)
		CreateAndSetChildDomain (17ms)
	RebuildCommonClasses (33ms)
	RebuildNativeTypeToScriptingClass (11ms)
	initialDomainReloadingComplete (27ms)
	LoadAllAssembliesAndSetupDomain (13ms)
		LoadAssemblies (92ms)
		RebuildTransferFunctionScriptingTraits (0ms)
		AnalyzeDomain (9ms)
			TypeCache.Refresh (4ms)
				TypeCache.ScanAssembly (0ms)
			ScanForSourceGeneratedMonoScriptInfo (0ms)
			ResolveRequiredComponents (4ms)
	FinalizeReload (403ms)
		ReleaseScriptCaches (0ms)
		RebuildScriptCaches (0ms)
		SetupLoadedEditorAssemblies (243ms)
			LogAssemblyErrors (0ms)
			InitializePlatformSupportModulesInManaged (8ms)
			SetLoadedEditorAssemblies (6ms)
			RefreshPlugins (0ms)
			BeforeProcessingInitializeOnLoad (40ms)
			ProcessInitializeOnLoadAttributes (162ms)
			ProcessInitializeOnLoadMethodAttributes (20ms)
			AfterProcessingInitializeOnLoad (6ms)
			EditorAssembliesLoaded (0ms)
		ExecutionOrderSort2 (0ms)
		AwakeInstancesAfterBackupRestoration (9ms)
Refreshing native plugins compatible for Editor in 0.00 ms, found 0 plugins.
Preloading 0 native plugins for Editor in 0.00 ms.
Unloading 253 Unused Serialized files (Serialized files now loaded: 0)
Unloading 1 unused Assets / (22.8 KB). Loaded Objects now: 752.
Memory consumption went from 66.0 MB to 66.0 MB.
Total: 3.417400 ms (FindLiveObjects: 0.068800 ms CreateObjectMapping: 0.017400 ms MarkObjects: 3.301200 ms  DeleteObjects: 0.028600 ms)

Prepare: number of updated asset objects reloaded= 0
AssetImportParameters requested are different than current active one (requested -> active):
  custom:video-encoder-webm-vp8: eb34c28f22e8b96e1ab97ce403110664 -> 
  custom:video-decoder-webm-vp8: 9c59270c3fd7afecdb556c50c9e8de78 -> 
  custom:audio-decoder-ogg-vorbis: bf7c407c2cedff20999df2af8eb42d56 -> 
  custom:video-decoder-ogg-theora: a1e56fd34408186e4bbccfd4996cb3dc -> 
  custom:audio-encoder-webm-vorbis: bf7c407c2cedff20999df2af8eb42d56 -> 
  custom:container-demuxer-webm: 4f35f7cbe854078d1ac9338744f61a02 -> 
  custom:SearchIndexIgnoredProperties: e643bd26f0fe6173181afceb89e7c659 -> 
  custom:container-muxer-webm: aa71ff27fc2769a1b78a27578f13a17b -> 
  custom:container-demuxer-ogg: 62fdf1f143b41e24485cea50d1cbac27 -> 
  custom:AudioImporter_EditorPlatform: d09bf68614088b80899f8185d706f6e7 -> 
  custom:CustomObjectIndexerAttribute: 6d391050e5a25f67b0a2c618074f2cd9 -> 
  custom:framework-win-MediaFoundation: 216162199b28c13a410421893ffa2e32 -> 
========================================================================
Received Import Request.
  Time since last request: 54.833307 seconds.
  path: Assets/Prince_Alaska/Test/Textures/grass1.png
  artifactKey: Guid(d54d42f40df35e34099dbd949204ed78) Importer(815301076,1909f56bfc062723c751e8b465ee728b)
Start importing Assets/Prince_Alaska/Test/Textures/grass1.png using Guid(d54d42f40df35e34099dbd949204ed78) Importer(815301076,1909f56bfc062723c751e8b465ee728b)  -> (artifact id: '671a4e3e0fdfb21c2dc67e5201fba228') in 0.061098 seconds
Number of updated asset objects reloaded before import = 0
Number of asset objects unloaded after import = 3
